{"/home/ubuntu/agent-workspace/axel-saas/packages/api-utils/src/auth/supabaseAuth.ts": {"path":"/home/ubuntu/agent-workspace/axel-saas/packages/api-utils/src/auth/supabaseAuth.ts","statementMap":{"0":{"start":{"line":13,"column":58},"end":{"line":13,"column":null}},"1":{"start":{"line":16,"column":2},"end":{"line":26,"column":null}},"2":{"start":{"line":17,"column":24},"end":{"line":17,"column":null}},"3":{"start":{"line":18,"column":4},"end":{"line":20,"column":null}},"4":{"start":{"line":19,"column":6},"end":{"line":19,"column":null}},"5":{"start":{"line":21,"column":4},"end":{"line":25,"column":null}},"6":{"start":{"line":27,"column":2},"end":{"line":27,"column":null}},"7":{"start":{"line":37,"column":2},"end":{"line":37,"column":null}},"8":{"start":{"line":37,"column":42},"end":{"line":37,"column":null}},"9":{"start":{"line":38,"column":16},"end":{"line":38,"column":null}},"10":{"start":{"line":39,"column":2},"end":{"line":45,"column":null}},"11":{"start":{"line":40,"column":24},"end":{"line":40,"column":null}},"12":{"start":{"line":41,"column":4},"end":{"line":41,"column":null}},"13":{"start":{"line":43,"column":4},"end":{"line":43,"column":null}},"14":{"start":{"line":44,"column":4},"end":{"line":44,"column":null}},"15":{"start":{"line":63,"column":2},"end":{"line":66,"column":null}},"16":{"start":{"line":64,"column":4},"end":{"line":64,"column":null}},"17":{"start":{"line":65,"column":4},"end":{"line":65,"column":null}},"18":{"start":{"line":75,"column":2},"end":{"line":75,"column":null}}},"fnMap":{"0":{"name":"getJwks","decl":{"start":{"line":15,"column":9},"end":{"line":15,"column":19}},"loc":{"start":{"line":15,"column":19},"end":{"line":28,"column":null}},"line":15},"1":{"name":"getAuthUser","decl":{"start":{"line":34,"column":22},"end":{"line":34,"column":null}},"loc":{"start":{"line":36,"column":32},"end":{"line":46,"column":null}},"line":36},"2":{"name":"requireAuth","decl":{"start":{"line":56,"column":16},"end":{"line":56,"column":28}},"loc":{"start":{"line":62,"column":3},"end":{"line":67,"column":null}},"line":62},"3":{"name":"getUser","decl":{"start":{"line":74,"column":16},"end":{"line":74,"column":24}},"loc":{"start":{"line":74,"column":51},"end":{"line":76,"column":null}},"line":74}},"branchMap":{"0":{"loc":{"start":{"line":16,"column":2},"end":{"line":26,"column":null}},"type":"if","locations":[{"start":{"line":16,"column":2},"end":{"line":26,"column":null}},{"start":{},"end":{}}],"line":16},"1":{"loc":{"start":{"line":18,"column":4},"end":{"line":20,"column":null}},"type":"if","locations":[{"start":{"line":18,"column":4},"end":{"line":20,"column":null}},{"start":{},"end":{}}],"line":18},"2":{"loc":{"start":{"line":37,"column":2},"end":{"line":37,"column":null}},"type":"if","locations":[{"start":{"line":37,"column":2},"end":{"line":37,"column":null}},{"start":{},"end":{}}],"line":37},"3":{"loc":{"start":{"line":63,"column":2},"end":{"line":66,"column":null}},"type":"if","locations":[{"start":{"line":63,"column":2},"end":{"line":66,"column":null}},{"start":{},"end":{}}],"line":63}},"s":{"0":0,"1":0,"2":0,"3":0,"4":0,"5":0,"6":0,"7":0,"8":0,"9":0,"10":0,"11":0,"12":0,"13":0,"14":0,"15":0,"16":0,"17":0,"18":0},"f":{"0":0,"1":0,"2":0,"3":0},"b":{"0":[0,0],"1":[0,0],"2":[0,0],"3":[0,0]},"meta":{"lastBranch":4,"lastFunction":4,"lastStatement":19,"seen":{"s:13:58:13:Infinity":0,"f:15:9:15:19":0,"b:16:2:26:Infinity:undefined:undefined:undefined:undefined":0,"s:16:2:26:Infinity":1,"s:17:24:17:Infinity":2,"b:18:4:20:Infinity:undefined:undefined:undefined:undefined":1,"s:18:4:20:Infinity":3,"s:19:6:19:Infinity":4,"s:21:4:25:Infinity":5,"s:27:2:27:Infinity":6,"f:34:22:34:Infinity":1,"b:37:2:37:Infinity:undefined:undefined:undefined:undefined":2,"s:37:2:37:Infinity":7,"s:37:42:37:Infinity":8,"s:38:16:38:Infinity":9,"s:39:2:45:Infinity":10,"s:40:24:40:Infinity":11,"s:41:4:41:Infinity":12,"s:43:4:43:Infinity":13,"s:44:4:44:Infinity":14,"f:56:16:56:28":2,"b:63:2:66:Infinity:undefined:undefined:undefined:undefined":3,"s:63:2:66:Infinity":15,"s:64:4:64:Infinity":16,"s:65:4:65:Infinity":17,"f:74:16:74:24":3,"s:75:2:75:Infinity":18}}}
,"/home/ubuntu/agent-workspace/axel-saas/packages/api-utils/src/env/getEnv.ts": {"path":"/home/ubuntu/agent-workspace/axel-saas/packages/api-utils/src/env/getEnv.ts","statementMap":{"0":{"start":{"line":5,"column":2},"end":{"line":7,"column":null}},"1":{"start":{"line":6,"column":4},"end":{"line":6,"column":null}},"2":{"start":{"line":9,"column":2},"end":{"line":9,"column":null}},"3":{"start":{"line":16,"column":16},"end":{"line":16,"column":null}},"4":{"start":{"line":18,"column":2},"end":{"line":20,"column":null}},"5":{"start":{"line":19,"column":4},"end":{"line":19,"column":null}},"6":{"start":{"line":22,"column":2},"end":{"line":22,"column":null}},"7":{"start":{"line":29,"column":16},"end":{"line":29,"column":null}},"8":{"start":{"line":31,"column":2},"end":{"line":33,"column":null}},"9":{"start":{"line":32,"column":4},"end":{"line":32,"column":null}},"10":{"start":{"line":35,"column":2},"end":{"line":35,"column":null}}},"fnMap":{"0":{"name":"getEnvRaw","decl":{"start":{"line":4,"column":16},"end":{"line":4,"column":26}},"loc":{"start":{"line":4,"column":60},"end":{"line":10,"column":null}},"line":4},"1":{"name":"getEnv","decl":{"start":{"line":15,"column":16},"end":{"line":15,"column":23}},"loc":{"start":{"line":15,"column":45},"end":{"line":23,"column":null}},"line":15},"2":{"name":"getEnvOrDefault","decl":{"start":{"line":28,"column":16},"end":{"line":28,"column":32}},"loc":{"start":{"line":28,"column":76},"end":{"line":36,"column":null}},"line":28}},"branchMap":{"0":{"loc":{"start":{"line":5,"column":2},"end":{"line":7,"column":null}},"type":"if","locations":[{"start":{"line":5,"column":2},"end":{"line":7,"column":null}},{"start":{},"end":{}}],"line":5},"1":{"loc":{"start":{"line":18,"column":2},"end":{"line":20,"column":null}},"type":"if","locations":[{"start":{"line":18,"column":2},"end":{"line":20,"column":null}},{"start":{},"end":{}}],"line":18},"2":{"loc":{"start":{"line":31,"column":2},"end":{"line":33,"column":null}},"type":"if","locations":[{"start":{"line":31,"column":2},"end":{"line":33,"column":null}},{"start":{},"end":{}}],"line":31}},"s":{"0":0,"1":0,"2":0,"3":0,"4":0,"5":0,"6":0,"7":0,"8":0,"9":0,"10":0},"f":{"0":0,"1":0,"2":0},"b":{"0":[0,0],"1":[0,0],"2":[0,0]},"meta":{"lastBranch":3,"lastFunction":3,"lastStatement":11,"seen":{"f:4:16:4:26":0,"b:5:2:7:Infinity:undefined:undefined:undefined:undefined":0,"s:5:2:7:Infinity":0,"s:6:4:6:Infinity":1,"s:9:2:9:Infinity":2,"f:15:16:15:23":1,"s:16:16:16:Infinity":3,"b:18:2:20:Infinity:undefined:undefined:undefined:undefined":1,"s:18:2:20:Infinity":4,"s:19:4:19:Infinity":5,"s:22:2:22:Infinity":6,"f:28:16:28:32":2,"s:29:16:29:Infinity":7,"b:31:2:33:Infinity:undefined:undefined:undefined:undefined":2,"s:31:2:33:Infinity":8,"s:32:4:32:Infinity":9,"s:35:2:35:Infinity":10}}}
,"/home/ubuntu/agent-workspace/axel-saas/packages/api-utils/src/env/index.ts": {"path":"/home/ubuntu/agent-workspace/axel-saas/packages/api-utils/src/env/index.ts","statementMap":{},"fnMap":{},"branchMap":{},"s":{},"f":{},"b":{},"meta":{"lastBranch":0,"lastFunction":0,"lastStatement":0,"seen":{}}}
,"/home/ubuntu/agent-workspace/axel-saas/packages/api-utils/src/jwt/index.ts": {"path":"/home/ubuntu/agent-workspace/axel-saas/packages/api-utils/src/jwt/index.ts","statementMap":{},"fnMap":{},"branchMap":{},"s":{},"f":{},"b":{},"meta":{"lastBranch":0,"lastFunction":0,"lastStatement":0,"seen":{}}}
,"/home/ubuntu/agent-workspace/axel-saas/packages/api-utils/src/jwt/tokenHelper.ts": {"path":"/home/ubuntu/agent-workspace/axel-saas/packages/api-utils/src/jwt/tokenHelper.ts","statementMap":{"0":{"start":{"line":5,"column":22},"end":{"line":5,"column":null}},"1":{"start":{"line":9,"column":27},"end":{"line":13,"column":null}},"2":{"start":{"line":22,"column":4},"end":{"line":27,"column":null}},"3":{"start":{"line":23,"column":6},"end":{"line":23,"column":null}},"4":{"start":{"line":26,"column":6},"end":{"line":26,"column":null}},"5":{"start":{"line":31,"column":10},"end":{"line":31,"column":null}},"6":{"start":{"line":32,"column":4},"end":{"line":32,"column":null}},"7":{"start":{"line":49,"column":4},"end":{"line":49,"column":null}}},"fnMap":{"0":{"name":"(anonymous_0)","decl":{"start":{"line":21,"column":9},"end":{"line":21,"column":28}},"loc":{"start":{"line":21,"column":65},"end":{"line":28,"column":null}},"line":21},"1":{"name":"(anonymous_1)","decl":{"start":{"line":30,"column":9},"end":{"line":30,"column":30}},"loc":{"start":{"line":30,"column":59},"end":{"line":33,"column":null}},"line":30},"2":{"name":"(anonymous_2)","decl":{"start":{"line":48,"column":9},"end":{"line":48,"column":36}},"loc":{"start":{"line":48,"column":51},"end":{"line":50,"column":null}},"line":48}},"branchMap":{"0":{"loc":{"start":{"line":22,"column":4},"end":{"line":27,"column":null}},"type":"if","locations":[{"start":{"line":22,"column":4},"end":{"line":27,"column":null}},{"start":{"line":24,"column":11},"end":{"line":27,"column":null}}],"line":22}},"s":{"0":0,"1":0,"2":0,"3":0,"4":0,"5":0,"6":0,"7":0},"f":{"0":0,"1":0,"2":0},"b":{"0":[0,0]},"meta":{"lastBranch":1,"lastFunction":3,"lastStatement":8,"seen":{"s:5:22:5:Infinity":0,"s:9:27:13:Infinity":1,"f:21:9:21:28":0,"b:22:4:27:Infinity:24:11:27:Infinity":0,"s:22:4:27:Infinity":2,"s:23:6:23:Infinity":3,"s:26:6:26:Infinity":4,"f:30:9:30:30":1,"s:31:10:31:Infinity":5,"s:32:4:32:Infinity":6,"f:48:9:48:36":2,"s:49:4:49:Infinity":7}}}
,"/home/ubuntu/agent-workspace/axel-saas/packages/api-utils/src/jwt/unpackJWT.ts": {"path":"/home/ubuntu/agent-workspace/axel-saas/packages/api-utils/src/jwt/unpackJWT.ts","statementMap":{"0":{"start":{"line":10,"column":2},"end":{"line":16,"column":null}},"1":{"start":{"line":11,"column":10},"end":{"line":11,"column":null}},"2":{"start":{"line":12,"column":4},"end":{"line":12,"column":null}},"3":{"start":{"line":14,"column":4},"end":{"line":14,"column":null}},"4":{"start":{"line":15,"column":4},"end":{"line":15,"column":null}}},"fnMap":{"0":{"name":"unpackJWT","decl":{"start":{"line":9,"column":16},"end":{"line":9,"column":26}},"loc":{"start":{"line":9,"column":44},"end":{"line":17,"column":null}},"line":9}},"branchMap":{},"s":{"0":2,"1":2,"2":2,"3":1,"4":1},"f":{"0":2},"b":{},"meta":{"lastBranch":0,"lastFunction":1,"lastStatement":5,"seen":{"f:9:16:9:26":0,"s:10:2:16:Infinity":0,"s:11:10:11:Infinity":1,"s:12:4:12:Infinity":2,"s:14:4:14:Infinity":3,"s:15:4:15:Infinity":4}}}
}
